------------------------------------------------------------
/home/ubuntu/workspace/venv/bin/pip run on Mon May 21 05:49:22 2018
Downloading/unpacking git
  Getting page https://pypi.python.org/simple/git/
  Could not fetch URL https://pypi.python.org/simple/git/: 404 Client Error: Not Found
  Will skip URL https://pypi.python.org/simple/git/ when looking for download links for git
  Getting page https://pypi.python.org/simple/
  URLs to search for versions for git:
  * https://pypi.python.org/simple/git/
  Getting page https://pypi.python.org/simple/git/
  Could not fetch URL https://pypi.python.org/simple/git/: 404 Client Error: Not Found
  Will skip URL https://pypi.python.org/simple/git/ when looking for download links for git
  Could not find any downloads that satisfy the requirement git
Cleaning up...
  Removing temporary dir /home/ubuntu/workspace/venv/build...
No distributions at all found for git
Exception information:
Traceback (most recent call last):
  File "/home/ubuntu/workspace/venv/local/lib/python2.7/site-packages/pip/basecommand.py", line 122, in main
    status = self.run(options, args)
  File "/home/ubuntu/workspace/venv/local/lib/python2.7/site-packages/pip/commands/install.py", line 278, in run
    requirement_set.prepare_files(finder, force_root_egg_info=self.bundle, bundle=self.bundle)
  File "/home/ubuntu/workspace/venv/local/lib/python2.7/site-packages/pip/req.py", line 1177, in prepare_files
    url = finder.find_requirement(req_to_install, upgrade=self.upgrade)
  File "/home/ubuntu/workspace/venv/local/lib/python2.7/site-packages/pip/index.py", line 277, in find_requirement
    raise DistributionNotFound('No distributions at all found for %s' % req)
DistributionNotFound: No distributions at all found for git
