[2017-08-31T12:55:48+00:00] starting `/usr/local/heroku/bin/heroku update --autoupdate` from --help
[2018-05-21T05:32:30+00:00] starting `/usr/local/heroku/bin/heroku update --autoupdate` from login
[2018-05-21T05:32:31+00:00] heroku-cli: Updating CLI...
[2018-05-21T05:32:31+00:00] heroku-cli: Updating CLI from 6.14.4-d011db2 to 6.99.0-ec9edad... done
waiting until 2018-05-21T06:32:30.769Z to update
waiting until 2018-05-21T06:32:30.769Z to update
waiting until 2018-05-21T06:32:30.769Z to update
waiting until 2018-05-21T06:35:43.000Z to update
waiting until 2018-05-21T06:35:43.000Z to update
waiting until 2018-05-21T06:35:43.000Z to update
waiting until 2018-05-21T06:35:43.000Z to update
waiting until 2018-05-21T06:35:43.000Z to update
waiting until 2018-05-21T06:35:43.000Z to update
waiting until 2018-05-21T06:35:43.000Z to update
waiting until 2018-05-21T06:35:43.000Z to update
waiting until 2018-05-21T06:35:43.000Z to update
waiting until 2018-05-21T06:35:43.000Z to update
waiting until 2018-05-21T06:35:43.000Z to update
waiting until 2018-05-21T06:35:43.000Z to update
waiting until 2018-05-21T06:35:43.000Z to update
waiting until 2018-05-21T06:35:43.000Z to update
waiting until 2018-05-21T06:35:43.000Z to update
waiting until 2018-05-21T06:35:43.000Z to update
waiting until 2018-05-21T06:35:43.000Z to update
waiting until 2018-05-21T06:35:43.000Z to update
waiting until 2018-05-21T06:35:43.000Z to update
waiting until 2018-05-21T06:35:43.000Z to update
waiting until 2018-05-21T06:35:43.000Z to update
waiting until 2018-05-21T06:35:43.000Z to update
waiting until 2018-05-21T06:35:43.000Z to update
waiting until 2018-05-21T06:35:43.000Z to update
waiting until 2018-05-21T06:35:43.000Z to update
waiting until 2018-05-21T06:35:43.000Z to update
waiting until 2018-05-21T06:35:43.000Z to update
waiting until 2018-05-21T06:35:43.000Z to update
waiting until 2018-05-21T06:35:43.000Z to update
waiting until 2018-05-21T06:35:43.000Z to update
waiting until 2018-05-21T06:35:43.000Z to update
waiting until 2018-05-21T06:35:43.000Z to update
waiting until 2018-05-21T06:35:43.000Z to update
waiting until 2018-05-21T06:35:43.000Z to update
waiting until 2018-05-21T06:35:43.000Z to update
waiting until 2018-05-21T06:35:43.000Z to update
waiting until 2018-05-21T06:35:43.000Z to update
waiting until 2018-05-21T06:35:43.000Z to update
waiting until 2018-05-21T06:35:43.000Z to update
waiting until 2018-05-21T06:35:43.000Z to update
waiting until 2018-05-21T06:35:43.000Z to update
waiting until 2018-05-21T06:35:43.000Z to update
waiting until 2018-05-21T06:35:43.000Z to update
waiting until 2018-05-21T06:35:43.000Z to update
